{"contracts\\BROToken.sol":{"l":{"8":17,"12":0},"path":"C:\\Users\\Martin\\OneDrive\\Bureau\\DeFi-project\\truffle\\contracts\\BROToken.sol","s":{"1":17,"2":0},"b":{},"f":{"1":17,"2":0},"fnMap":{"1":{"name":"constructor","line":7,"loc":{"start":{"line":7,"column":4},"end":{"line":9,"column":4}}},"2":{"name":"faucet","line":11,"loc":{"start":{"line":11,"column":4},"end":{"line":13,"column":4}}}},"statementMap":{"1":{"start":{"line":8,"column":8},"end":{"line":8,"column":42}},"2":{"start":{"line":12,"column":8},"end":{"line":12,"column":41}}},"branchMap":{}},"contracts\\Staking.sol":{"l":{"33":16,"34":16,"38":27,"39":27,"40":27,"41":27,"42":27,"51":17,"52":15,"53":4,"54":2,"55":2,"57":11,"60":13,"61":13,"62":13,"63":13,"71":9,"72":7,"73":7,"74":7,"75":7,"76":7,"84":0,"85":0,"86":0,"87":0,"88":0,"89":0,"90":0,"91":0,"92":0,"99":54,"100":26,"102":28,"111":1,"112":1,"113":1,"114":1,"115":1,"124":27,"135":0},"path":"C:\\Users\\Martin\\OneDrive\\Bureau\\DeFi-project\\truffle\\contracts\\Staking.sol","s":{"1":16,"2":16,"3":27,"4":27,"5":27,"6":27,"7":17,"8":15,"9":4,"10":2,"11":2,"12":11,"13":13,"14":13,"15":13,"16":13,"17":9,"18":7,"19":7,"20":7,"21":7,"22":7,"23":0,"24":0,"25":0,"26":0,"27":0,"28":0,"29":0,"30":0,"31":0,"32":54,"33":26,"34":28,"35":1,"36":1,"37":1,"38":1,"39":1,"40":27,"41":0},"b":{"1":[15,2],"2":[4,11],"3":[2,2],"4":[13,0],"5":[7,2],"6":[7,0],"7":[0,0],"8":[0,0],"9":[0,0],"10":[26,28],"11":[1,0]},"f":{"1":16,"2":27,"3":17,"4":9,"5":0,"6":54,"7":1,"8":27,"9":0},"fnMap":{"1":{"name":"constructor","line":32,"loc":{"start":{"line":32,"column":4},"end":{"line":35,"column":4}}},"2":{"name":"updateReward","line":37,"loc":{"start":{"line":37,"column":4},"end":{"line":43,"column":4}}},"3":{"name":"stake","line":50,"loc":{"start":{"line":50,"column":4},"end":{"line":64,"column":4}}},"4":{"name":"withdraw","line":70,"loc":{"start":{"line":70,"column":4},"end":{"line":77,"column":4}}},"5":{"name":"withdrawLocked","line":83,"loc":{"start":{"line":83,"column":4},"end":{"line":93,"column":4}}},"6":{"name":"rewardPerToken","line":98,"loc":{"start":{"line":98,"column":4},"end":{"line":105,"column":4}}},"7":{"name":"claimReward","line":110,"loc":{"start":{"line":110,"column":4},"end":{"line":116,"column":4}}},"8":{"name":"earned","line":123,"loc":{"start":{"line":123,"column":4},"end":{"line":127,"column":4}}},"9":{"name":"getStakedBalance","line":134,"loc":{"start":{"line":134,"column":4},"end":{"line":136,"column":4}}}},"statementMap":{"1":{"start":{"line":33,"column":8},"end":{"line":33,"column":43}},"2":{"start":{"line":34,"column":8},"end":{"line":34,"column":43}},"3":{"start":{"line":38,"column":8},"end":{"line":38,"column":46}},"4":{"start":{"line":39,"column":8},"end":{"line":39,"column":39}},"5":{"start":{"line":40,"column":8},"end":{"line":40,"column":50}},"6":{"start":{"line":41,"column":8},"end":{"line":41,"column":62}},"7":{"start":{"line":51,"column":8},"end":{"line":51,"column":66}},"8":{"start":{"line":52,"column":8},"end":{"line":52,"column":1819}},"9":{"start":{"line":53,"column":12},"end":{"line":53,"column":91}},"10":{"start":{"line":54,"column":12},"end":{"line":54,"column":59}},"11":{"start":{"line":55,"column":12},"end":{"line":55,"column":72}},"12":{"start":{"line":57,"column":12},"end":{"line":57,"column":42}},"13":{"start":{"line":60,"column":8},"end":{"line":60,"column":29}},"14":{"start":{"line":61,"column":8},"end":{"line":61,"column":39}},"15":{"start":{"line":62,"column":8},"end":{"line":62,"column":84}},"16":{"start":{"line":63,"column":8},"end":{"line":63,"column":42}},"17":{"start":{"line":71,"column":8},"end":{"line":71,"column":89}},"18":{"start":{"line":72,"column":8},"end":{"line":72,"column":29}},"19":{"start":{"line":73,"column":8},"end":{"line":73,"column":38}},"20":{"start":{"line":74,"column":8},"end":{"line":74,"column":47}},"21":{"start":{"line":75,"column":8},"end":{"line":75,"column":65}},"22":{"start":{"line":76,"column":8},"end":{"line":76,"column":42}},"23":{"start":{"line":84,"column":8},"end":{"line":84,"column":74}},"24":{"start":{"line":85,"column":8},"end":{"line":85,"column":103}},"25":{"start":{"line":86,"column":8},"end":{"line":86,"column":59}},"26":{"start":{"line":87,"column":8},"end":{"line":87,"column":28}},"27":{"start":{"line":88,"column":8},"end":{"line":88,"column":45}},"28":{"start":{"line":89,"column":8},"end":{"line":89,"column":46}},"29":{"start":{"line":90,"column":8},"end":{"line":90,"column":46}},"30":{"start":{"line":91,"column":8},"end":{"line":91,"column":64}},"31":{"start":{"line":92,"column":8},"end":{"line":92,"column":42}},"32":{"start":{"line":99,"column":8},"end":{"line":99,"column":3814}},"33":{"start":{"line":100,"column":12},"end":{"line":100,"column":39}},"34":{"start":{"line":102,"column":8},"end":{"line":102,"column":3977}},"35":{"start":{"line":111,"column":8},"end":{"line":111,"column":51}},"36":{"start":{"line":112,"column":8},"end":{"line":112,"column":37}},"37":{"start":{"line":113,"column":8},"end":{"line":113,"column":47}},"38":{"start":{"line":114,"column":8},"end":{"line":114,"column":64}},"39":{"start":{"line":115,"column":8},"end":{"line":115,"column":42}},"40":{"start":{"line":124,"column":8},"end":{"line":124,"column":4750}},"41":{"start":{"line":135,"column":8},"end":{"line":135,"column":33}}},"branchMap":{"1":{"line":51,"type":"if","locations":[{"start":{"line":51,"column":8},"end":{"line":51,"column":8}},{"start":{"line":51,"column":8},"end":{"line":51,"column":8}}]},"2":{"line":52,"type":"if","locations":[{"start":{"line":52,"column":8},"end":{"line":52,"column":8}},{"start":{"line":52,"column":8},"end":{"line":52,"column":8}}]},"3":{"line":53,"type":"if","locations":[{"start":{"line":53,"column":12},"end":{"line":53,"column":12}},{"start":{"line":53,"column":12},"end":{"line":53,"column":12}}]},"4":{"line":63,"type":"if","locations":[{"start":{"line":63,"column":8},"end":{"line":63,"column":8}},{"start":{"line":63,"column":8},"end":{"line":63,"column":8}}]},"5":{"line":71,"type":"if","locations":[{"start":{"line":71,"column":8},"end":{"line":71,"column":8}},{"start":{"line":71,"column":8},"end":{"line":71,"column":8}}]},"6":{"line":76,"type":"if","locations":[{"start":{"line":76,"column":8},"end":{"line":76,"column":8}},{"start":{"line":76,"column":8},"end":{"line":76,"column":8}}]},"7":{"line":84,"type":"if","locations":[{"start":{"line":84,"column":8},"end":{"line":84,"column":8}},{"start":{"line":84,"column":8},"end":{"line":84,"column":8}}]},"8":{"line":85,"type":"if","locations":[{"start":{"line":85,"column":8},"end":{"line":85,"column":8}},{"start":{"line":85,"column":8},"end":{"line":85,"column":8}}]},"9":{"line":92,"type":"if","locations":[{"start":{"line":92,"column":8},"end":{"line":92,"column":8}},{"start":{"line":92,"column":8},"end":{"line":92,"column":8}}]},"10":{"line":99,"type":"if","locations":[{"start":{"line":99,"column":8},"end":{"line":99,"column":8}},{"start":{"line":99,"column":8},"end":{"line":99,"column":8}}]},"11":{"line":115,"type":"if","locations":[{"start":{"line":115,"column":8},"end":{"line":115,"column":8}},{"start":{"line":115,"column":8},"end":{"line":115,"column":8}}]}}}}